<?xml version="1.0" encoding="UTF-8"?>
<!-- Generated by org.testng.reporters.JUnitXMLReporter -->
<testsuite hostname="Sharddha" name="Test" tests="2" failures="1" timestamp="27 Dec 2022 05:39:59 GMT" time="8.0" errors="0">
  <testcase name="openBrowser" time="2.953" classname="Listeners_Class.TestClass"/>
  <testcase name="login" time="4.243" classname="Listeners_Class.TestClass">
    <failure type="java.lang.AssertionError" message="expected [https://www.google.com] but found [https://fury.com/signin.html]">
      <![CDATA[java.lang.AssertionError: expected [https://www.google.com] but found [https://fury.com/signin.html]
	at Listeners_Class.TestClass.login(TestClass.java:23)
... Removed 29 stack frames]]>
    </failure>
  </testcase> <!-- login -->
</testsuite> <!-- Test -->
